#-----------------------------------------------------------
# Vivado v2017.4 (64-bit)
# SW Build 2086221 on Fri Dec 15 20:55:39 MST 2017
# IP Build 2085800 on Fri Dec 15 22:25:07 MST 2017
# Start of session at: Tue Oct 23 14:00:10 2018
# Process ID: 2556
# Current directory: E:/VHDL/VivadoProjects/DDVHD_Lab3B_v2
# Command line: vivado.exe -gui_launcher_event rodinguilauncherevent1464 E:\VHDL\VivadoProjects\DDVHD_Lab3B_v2\DDVHD_Lab3B_v2.xpr
# Log file: E:/VHDL/VivadoProjects/DDVHD_Lab3B_v2/vivado.log
# Journal file: E:/VHDL/VivadoProjects/DDVHD_Lab3B_v2\vivado.jou
#-----------------------------------------------------------
start_gui
open_project E:/VHDL/VivadoProjects/DDVHD_Lab3B_v2/DDVHD_Lab3B_v2.xpr
INFO: [Project 1-313] Project file moved from 'F:/VHDL/VivadoProjects/DDVHD_Lab3B_v2' since last save.
Scanning sources...
Finished scanning sources
INFO: [IP_Flow 19-234] Refreshing IP repositories
INFO: [IP_Flow 19-1704] No user IP repositories specified
INFO: [IP_Flow 19-2313] Loaded Vivado IP repository 'C:/Xilinx/Vivado/2017.4/data/ip'.
open_project: Time (s): cpu = 00:00:10 ; elapsed = 00:00:10 . Memory (MB): peak = 810.336 ; gain = 76.324
update_compile_order -fileset sources_1
exit
INFO: [Common 17-206] Exiting Vivado at Tue Oct 23 16:33:31 2018...
