#-----------------------------------------------------------
# Vivado v2017.4 (64-bit)
# SW Build 2086221 on Fri Dec 15 20:55:39 MST 2017
# IP Build 2085800 on Fri Dec 15 22:25:07 MST 2017
# Start of session at: Wed Oct 24 16:50:49 2018
# Process ID: 9664
# Current directory: F:/VHDL/VivadoProjects/DDVHD_Lab3B_v2
# Command line: vivado.exe -gui_launcher_event rodinguilauncherevent9900 F:\VHDL\VivadoProjects\DDVHD_Lab3B_v2\DDVHD_Lab3B_v2.xpr
# Log file: F:/VHDL/VivadoProjects/DDVHD_Lab3B_v2/vivado.log
# Journal file: F:/VHDL/VivadoProjects/DDVHD_Lab3B_v2\vivado.jou
#-----------------------------------------------------------
start_gui
open_project F:/VHDL/VivadoProjects/DDVHD_Lab3B_v2/DDVHD_Lab3B_v2.xpr
Scanning sources...
Finished scanning sources
INFO: [IP_Flow 19-234] Refreshing IP repositories
INFO: [IP_Flow 19-1704] No user IP repositories specified
INFO: [IP_Flow 19-2313] Loaded Vivado IP repository 'C:/Xilinx/Vivado/2017.4/data/ip'.
open_project: Time (s): cpu = 00:00:09 ; elapsed = 00:00:09 . Memory (MB): peak = 790.344 ; gain = 91.402
update_compile_order -fileset sources_1
exit
INFO: [Common 17-206] Exiting Vivado at Wed Oct 24 16:51:37 2018...
