Exception at PC 0x00007FFEB242E132
Attemped to write at address 0x00007FFEFD154AA4
Printing stacktrace...

[0]  [0x00007FFEB242E132]
[1]  [0x00007FFEB242E132]
[2]  [0x00007FFEB242E194]
[3]  [0x00007FFEB207D0D7]
[4]  [0x00007FFEB1F62BCA]
[5]  [0x00007FFEB1F62FD1]
[6]  [0x00007FFEB242EB2F]
[7]  [0x00007FFEB22EC19D]
[8]  [0x00007FFEB22E5942]
[9]  [0x00007FFEB22E5AB5]
[10] (RtlActivateActivationContextUnsafeFast+0x123) [0x00007FFF377DB583]
[11] (LdrShutdownProcess+0x125) [0x00007FFF377E7F85]
[12] (RtlExitUserProcess+0xd8) [0x00007FFF377E7E48]
[13] (FatalExit+0xa) [0x00007FFF36A0B19A]
[14] (exit+0x75) [0x00007FFF37409CE5]
[15] (initterm_e+0x235) [0x00007FFF3740A345]
[16]  [0x00000000004014CD]
[17]  [0x000000000040151B]
[18] (BaseThreadInitThunk+0x14) [0x00007FFF36A03034]
[19] (RtlUserThreadStart+0x21) [0x00007FFF37813691]
Done
